<?xml version="1.0" encoding="UTF-8"?>
<testng-results ignored="0" total="1" passed="1" failed="0" skipped="0">
  <reporter-output>
  </reporter-output>
  <suite started-at="2023-11-28T10:49:12 IST" name="Default suite" finished-at="2023-11-28T10:50:00 IST" duration-ms="48424">
    <groups>
    </groups>
    <test started-at="2023-11-28T10:49:12 IST" name="Default test" finished-at="2023-11-28T10:50:00 IST" duration-ms="48424">
      <class name="org.pages.FlipRun">
        <test-method is-config="true" signature="browserLaunch()[pri:0, instance:org.pages.FlipRun@3e84448c]" started-at="2023-11-28T10:49:12 IST" name="browserLaunch" finished-at="2023-11-28T10:49:29 IST" duration-ms="17300" status="PASS">
          <reporter-output>
          </reporter-output>
        </test-method> <!-- browserLaunch -->
        <test-method signature="flipkartTestRun()[pri:0, instance:org.pages.FlipRun@3e84448c]" started-at="2023-11-28T10:49:29 IST" name="flipkartTestRun" finished-at="2023-11-28T10:50:00 IST" duration-ms="31002" status="PASS">
          <reporter-output>
          </reporter-output>
        </test-method> <!-- flipkartTestRun -->
      </class> <!-- org.pages.FlipRun -->
    </test> <!-- Default test -->
  </suite> <!-- Default suite -->
</testng-results>
